Drill Listing
=============
Drill: .01575  Tool: 1  Feed: 95  Speed: 300
X 171719  Y 190203
X 140861  Y 193035
X 151743  Y 197440
X 170661  Y 243536
X 166777  Y 268137
X 157643  Y 277270
X 126121  Y 319258
X 172999  Y 338926
X 138535  Y 342479
X 191992  Y 324751
X 218653  Y 324751
X 197742  Y 251515
X 214916  Y 191968
X 197742  Y 177348
X 214916  Y 176578
X 300996  Y 132719
X 300996  Y 157302
X 279488  Y 170647
X 244696  Y 254510
X 301536  Y 295677
X 256059  Y 325497
X 370423  Y 358141
X 394919  Y 353156
X 392670  Y 311857
X 347912  Y 256916
X 371444  Y 164014
X 431843  Y 230563
X 445909  Y 230563
X 430899  Y 239737
X 411997  Y 317157

Drill: .02362  Tool: 2  Feed: 197  Speed: 550
X 110062  Y 184379 X 112031  Y 184379
X 117936  Y 208001 X 119905  Y 208001
X 113999  Y 176505 X 115968  Y 176505
X 110062  Y 340662 X 112031  Y 340662
X 117936  Y 364284 X 119905  Y 364284
X 113999  Y 332788 X 115968  Y 332788
X 110062  Y 134659 X 112031  Y 134659
X 117936  Y 158281 X 119905  Y 158281
X 113999  Y 126785 X 115968  Y 126785

Drill: .0315  Tool: 3  Feed: 197  Speed: 550
X 149219  Y 262571
X 179219  Y 262571
X 149219  Y 272571
X 179219  Y 272571
X 149350  Y 282707
X 179350  Y 282707
X 149350  Y 292707
X 179350  Y 292707

Drill: .035  Tool: 4  Feed: 197  Speed: 550
X 205912  Y 278271
X 215912  Y 278271
X 225912  Y 278271
X 376215  Y 309737
X 376215  Y 299737
X 376215  Y 289737
X 376215  Y 279737
X 376215  Y 269737
X 376215  Y 259737
X 376215  Y 249737
X 376215  Y 239737
X 405750  Y 123549
X 386065  Y 123549
X 406842  Y 136108
X 387157  Y 136108
X 385773  Y 149525
X 405458  Y 149525
X 387192  Y 161992
X 406878  Y 161992
X 398545  Y 195471
X 398545  Y 203471
X 406215  Y 239737
X 406215  Y 249737
X 406215  Y 259737
X 406215  Y 269737
X 406215  Y 279737
X 406215  Y 289737
X 406215  Y 299737
X 406215  Y 309737
X 410039  Y 339300
X 420039  Y 339300
X 430039  Y 339300
X 431764  Y 309063
X 431764  Y 299063
X 431764  Y 289063
X 431764  Y 279063
X 431764  Y 269063
X 431764  Y 259063
X 431764  Y 249063
X 417807  Y 203471
X 417807  Y 195471
X 461764  Y 249063
X 461764  Y 259063
X 461764  Y 269063
X 461764  Y 279063
X 461764  Y 289063
X 461764  Y 299063
X 461764  Y 309063

Drill: .03543  Tool: 5  Feed: 197  Speed: 550
X 122857  Y 126785
X 111046  Y 158281
X 122857  Y 176505
X 111046  Y 208001
X 122857  Y 332788
X 111046  Y 364284
X 182716  Y 344251
X 192716  Y 344251
X 202716  Y 344251
X 212716  Y 344251
X 222716  Y 344251
X 232716  Y 344251
X 213503  Y 312559
X 223503  Y 312559
X 233503  Y 312559
X 203503  Y 312559
X 193503  Y 312559
X 229488  Y 122559
X 239488  Y 122559
X 249488  Y 122559
X 259488  Y 122559
X 269488  Y 122559
X 279488  Y 122559
X 243503  Y 312559
X 253503  Y 312559
X 263503  Y 312559
X 279488  Y 312559
X 242716  Y 344251
X 252716  Y 344251
X 262716  Y 344251
X 272716  Y 344251
X 282716  Y 344251
X 292716  Y 344251
X 302716  Y 344251
X 312716  Y 344251
X 322716  Y 344251
X 332716  Y 344251
X 289488  Y 312559
X 319488  Y 312559
X 329488  Y 312559
X 299488  Y 312559
X 309488  Y 312559
X 329409  Y 122559
X 319409  Y 122559
X 299409  Y 122559
X 309409  Y 122559
X 349409  Y 122559
X 339409  Y 122559
X 349488  Y 312559
X 339488  Y 312559

Drill: .037  Tool: 6  Feed: 197  Speed: 550
X 146925  Y 250368
X 176453  Y 250368
X 116787  Y 303840
X 116787  Y 313840
X 154117  Y 324751
X 183645  Y 324751
X 201272  Y 295471
X 230800  Y 295471
X 189107  Y 270655
X 189107  Y 241127
X 221417  Y 197229
X 221692  Y 145397
X 275072  Y 108379
X 304600  Y 108379
X 251220  Y 145397
X 250945  Y 197229
X 328980  Y 334684
X 358508  Y 334684
X 329006  Y 324810
X 358534  Y 324810
X 344685  Y 146047
X 315158  Y 146047
X 351071  Y 108676
X 380599  Y 108676
X 363554  Y 137477
X 363554  Y 167004
X 385767  Y 182839
X 385767  Y 212367
X 364690  Y 240139
X 364690  Y 269666
X 363638  Y 279901
X 363638  Y 309429

Drill: .04331  Tool: 7  Feed: 139  Speed: 550
X 375084  Y 339317
X 384926  Y 359002
X 394769  Y 339317

Drill: .05118  Tool: 8  Feed: 107  Speed: 550
X 157701  Y 167322
X 181323  Y 167322
X 157701  Y 185039
X 181323  Y 185039
X 224172  Y 185039
X 247794  Y 185039
X 247794  Y 167322
X 224172  Y 167322
X 270039  Y 146920
X 293661  Y 146920
X 270039  Y 164637
X 293661  Y 164637
X 270039  Y 187775
X 293661  Y 187775
X 270039  Y 205491
X 293661  Y 205491
X 316023  Y 185039
X 339645  Y 185039
X 339645  Y 167322
X 316023  Y 167322

Drill: .07087  Tool: 9  Feed: 81  Speed: 550
X 118920  Y 134659
X 130731  Y 150407
X 114983  Y 150407
X 118920  Y 184379
X 130731  Y 200127
X 114983  Y 200127
X 118920  Y 340662
X 130731  Y 356410
X 114983  Y 356410

Drill: .11811  Tool: 10  Feed: 69  Speed: 658
X 154682  Y 94695
X 160866  Y 222244
X 160787  Y 344251
X 154682  Y 373149
X 430944  Y 373149
X 430944  Y 94695
X 456102  Y 222244
X 456102  Y 344370

Drill: .12205  Tool: 11  Feed: 35  Speed: 794
X 451193  Y 141746
X 451193  Y 195403
X 463988  Y 176505
X 463988  Y 122848

Drill: .1378  Tool: 12  Feed: 35  Speed: 794
X 439382  Y 122848
X 439382  Y 176505

End of Listing
